
> my-react-app@0.1.0 start /home/ec2-user/project/CRUD/client
> react-scripts start

Starting the development server...

Compiled with warnings.

./src/pages/DQ_RA.js
  Line 1:17:  'useState' is defined but never used               no-unused-vars
  Line 6:8:   'InputGroupsSearchForm' is defined but never used  no-unused-vars
  Line 15:8:  'MyCollapse' is defined but never used             no-unused-vars
  Line 19:8:  'MyBreadcrumbs' is defined but never used          no-unused-vars

./src/components/SearchResults.js
  Line 23:13:  The href attribute requires a valid value to be accessible. Provide a valid, navigable address as the href value. If you cannot provide a valid href, but still need the element to resemble a link, use a button and change it with appropriate styles. Learn more: https://github.com/evcohen/eslint-plugin-jsx-a11y/blob/master/docs/rules/anchor-is-valid.md  jsx-a11y/anchor-is-valid

Search for the keywords to learn more about each warning.
To ignore, add // eslint-disable-next-line to the line before.

Compiling...
Compiled successfully!
Compiling...
Compiled with warnings.

./src/pages/DQ_RA.js
  Line 1:17:  'useState' is defined but never used               no-unused-vars
  Line 6:8:   'InputGroupsSearchForm' is defined but never used  no-unused-vars
  Line 15:8:  'MyCollapse' is defined but never used             no-unused-vars
  Line 19:8:  'MyBreadcrumbs' is defined but never used          no-unused-vars

./src/components/SearchResults.js
  Line 23:13:  The href attribute requires a valid value to be accessible. Provide a valid, navigable address as the href value. If you cannot provide a valid href, but still need the element to resemble a link, use a button and change it with appropriate styles. Learn more: https://github.com/evcohen/eslint-plugin-jsx-a11y/blob/master/docs/rules/anchor-is-valid.md  jsx-a11y/anchor-is-valid

Search for the keywords to learn more about each warning.
To ignore, add // eslint-disable-next-line to the line before.

Compiling...
Compiled with warnings.

./src/pages/DQ_RA.js
  Line 1:17:  'useState' is defined but never used               no-unused-vars
  Line 6:8:   'InputGroupsSearchForm' is defined but never used  no-unused-vars
  Line 15:8:  'MyCollapse' is defined but never used             no-unused-vars
  Line 19:8:  'MyBreadcrumbs' is defined but never used          no-unused-vars

./src/components/SearchResults.js
  Line 23:13:  The href attribute requires a valid value to be accessible. Provide a valid, navigable address as the href value. If you cannot provide a valid href, but still need the element to resemble a link, use a button and change it with appropriate styles. Learn more: https://github.com/evcohen/eslint-plugin-jsx-a11y/blob/master/docs/rules/anchor-is-valid.md  jsx-a11y/anchor-is-valid

Search for the keywords to learn more about each warning.
To ignore, add // eslint-disable-next-line to the line before.

